"2019-06-18 14:36:00 [HikariPool-1 housekeeper] WARN  com.zaxxer.hikari.pool.HikariPool - HikariPool-1 - Thread starvation or clock leap detected (housekeeper delta=18h32m7s382ms192µs969ns).
""2019-06-18 14:36:03 [http-nio-8090-exec-3] INFO  c.e.s.impl.UserManagementServiceImpl - add User datail
""2019-06-18 14:36:05 [AsyncResolver-bootstrap-executor-0] INFO  c.n.d.s.r.aws.ConfigClusterResolver - Resolving eureka endpoints via configuration
""2019-06-18 14:36:06 [http-nio-8090-exec-4] INFO  c.e.s.impl.UserManagementServiceImpl - add User datail
""2019-06-18 14:41:05 [AsyncResolver-bootstrap-executor-0] INFO  c.n.d.s.r.aws.ConfigClusterResolver - Resolving eureka endpoints via configuration
""2019-06-18 14:41:25 [http-nio-8090-exec-7] INFO  c.e.s.impl.UserManagementServiceImpl - add User datail
""2019-06-18 14:45:10 [http-nio-8090-exec-2] INFO  c.e.s.impl.UserManagementServiceImpl - add User datail
""2019-06-18 14:45:16 [http-nio-8090-exec-6] INFO  c.e.s.impl.UserManagementServiceImpl - add User datail
""2019-06-18 14:45:23 [http-nio-8090-exec-1] INFO  c.e.s.impl.UserManagementServiceImpl - add User datail
""2019-06-18 14:45:29 [http-nio-8090-exec-8] INFO  c.e.s.impl.UserManagementServiceImpl - add User datail
""2019-06-18 14:46:05 [AsyncResolver-bootstrap-executor-0] INFO  c.n.d.s.r.aws.ConfigClusterResolver - Resolving eureka endpoints via configuration
""2019-06-18 14:51:05 [AsyncResolver-bootstrap-executor-0] INFO  c.n.d.s.r.aws.ConfigClusterResolver - Resolving eureka endpoints via configuration
""2019-06-18 14:53:15 [http-nio-8090-exec-7] INFO  c.e.s.impl.UserManagementServiceImpl - add User datail
""2019-06-18 14:56:05 [AsyncResolver-bootstrap-executor-0] INFO  c.n.d.s.r.aws.ConfigClusterResolver - Resolving eureka endpoints via configuration
""2019-06-18 15:01:05 [AsyncResolver-bootstrap-executor-0] INFO  c.n.d.s.r.aws.ConfigClusterResolver - Resolving eureka endpoints via configuration
""2019-06-18 15:06:05 [AsyncResolver-bootstrap-executor-0] INFO  c.n.d.s.r.aws.ConfigClusterResolver - Resolving eureka endpoints via configuration
""2019-06-18 15:11:05 [AsyncResolver-bootstrap-executor-0] INFO  c.n.d.s.r.aws.ConfigClusterResolver - Resolving eureka endpoints via configuration
""2019-06-18 15:16:05 [AsyncResolver-bootstrap-executor-0] INFO  c.n.d.s.r.aws.ConfigClusterResolver - Resolving eureka endpoints via configuration
""2019-06-18 15:17:05 [RMI TCP Connection(2)-127.0.0.1] INFO  o.s.b.a.SpringApplicationAdminMXBeanRegistrar$SpringApplicationAdmin - Application shutdown requested.
""2019-06-18 15:17:05 [RMI TCP Connection(2)-127.0.0.1] INFO  o.s.c.n.e.s.EurekaServiceRegistry - Unregistering application PRODUCT-SERVICE with eureka with status DOWN
""2019-06-18 15:17:05 [RMI TCP Connection(2)-127.0.0.1] WARN  c.netflix.discovery.DiscoveryClient - Saw local status change event StatusChangeEvent [timestamp=1560851225505, current=DOWN, previous=UP]
""2019-06-18 15:17:05 [DiscoveryClient-InstanceInfoReplicator-0] WARN  c.netflix.discovery.DiscoveryClient - Saw local status change event StatusChangeEvent [timestamp=1560851225508, current=UP, previous=DOWN]
""2019-06-18 15:17:05 [DiscoveryClient-InstanceInfoReplicator-0] INFO  c.netflix.discovery.DiscoveryClient - DiscoveryClient_PRODUCT-SERVICE/INCN-TL-LP005.uaeexchange.org:product-service:8090: registering service...
""2019-06-18 15:17:05 [DiscoveryClient-InstanceInfoReplicator-0] INFO  c.netflix.discovery.DiscoveryClient - DiscoveryClient_PRODUCT-SERVICE/INCN-TL-LP005.uaeexchange.org:product-service:8090 - registration status: 204
""2019-06-18 15:17:05 [RMI TCP Connection(2)-127.0.0.1] INFO  o.s.s.c.ThreadPoolTaskExecutor - Shutting down ExecutorService 'applicationTaskExecutor'
""2019-06-18 15:17:05 [RMI TCP Connection(2)-127.0.0.1] INFO  o.s.o.j.LocalContainerEntityManagerFactoryBean - Closing JPA EntityManagerFactory for persistence unit 'default'
""2019-06-18 15:17:05 [RMI TCP Connection(2)-127.0.0.1] INFO  c.netflix.discovery.DiscoveryClient - Shutting down DiscoveryClient ...
""2019-06-18 15:17:08 [RMI TCP Connection(2)-127.0.0.1] INFO  c.netflix.discovery.DiscoveryClient - Unregistering ...
""2019-06-18 15:17:08 [RMI TCP Connection(2)-127.0.0.1] INFO  c.netflix.discovery.DiscoveryClient - DiscoveryClient_PRODUCT-SERVICE/INCN-TL-LP005.uaeexchange.org:product-service:8090 - deregister  status: 200
""2019-06-18 15:17:08 [RMI TCP Connection(2)-127.0.0.1] INFO  c.netflix.discovery.DiscoveryClient - Completed shut down of DiscoveryClient
""2019-06-18 15:17:08 [RMI TCP Connection(2)-127.0.0.1] INFO  com.zaxxer.hikari.HikariDataSource - HikariPool-1 - Shutdown initiated...
""2019-06-18 15:17:08 [RMI TCP Connection(2)-127.0.0.1] INFO  com.zaxxer.hikari.HikariDataSource - HikariPool-1 - Shutdown completed.
""2019-06-18 15:17:08 [RMI TCP Connection(2)-127.0.0.1] INFO  o.a.catalina.core.StandardService - Stopping service [Tomcat]
""2019-06-18 15:17:08 [RMI TCP Connection(2)-127.0.0.1] INFO  o.a.c.c.C.[Tomcat].[localhost].[/] - Destroying Spring FrameworkServlet 'dispatcherServlet'
""2019-06-18 15:17:20 [main] ERROR o.s.b.c.l.LoggingApplicationListener - Cannot set level 'debug,error,warn,info,debug' for 'com.ecotage'
""2019-06-18 15:17:20 [main] INFO  com.ecotage.main.EcotageApplication - No active profile set, falling back to default profiles: default
""2019-06-18 15:17:21 [main] INFO  o.s.d.r.c.RepositoryConfigurationDelegate - Bootstrapping Spring Data repositories in DEFAULT mode.
""2019-06-18 15:17:21 [main] INFO  o.s.d.r.c.RepositoryConfigurationDelegate - Finished Spring Data repository scanning in 132ms. Found 10 repository interfaces.
""2019-06-18 15:17:22 [main] WARN  o.s.boot.actuate.endpoint.EndpointId - Endpoint ID 'service-registry' contains invalid characters, please migrate to a valid format.
""2019-06-18 15:17:22 [main] INFO  o.s.cloud.context.scope.GenericScope - BeanFactory id=0434c848-7adb-3e96-a8b4-7e11077220c4
""2019-06-18 15:17:22 [main] INFO  o.s.c.s.PostProcessorRegistrationDelegate$BeanPostProcessorChecker - Bean 'org.springframework.transaction.annotation.ProxyTransactionManagementConfiguration' of type [org.springframework.transaction.annotation.ProxyTransactionManagementConfiguration$$EnhancerBySpringCGLIB$$c985a813] is not eligible for getting processed by all BeanPostProcessors (for example: not eligible for auto-proxying)
""2019-06-18 15:17:22 [main] INFO  o.s.c.s.PostProcessorRegistrationDelegate$BeanPostProcessorChecker - Bean 'org.springframework.cloud.autoconfigure.ConfigurationPropertiesRebinderAutoConfiguration' of type [org.springframework.cloud.autoconfigure.ConfigurationPropertiesRebinderAutoConfiguration$$EnhancerBySpringCGLIB$$e59fab10] is not eligible for getting processed by all BeanPostProcessors (for example: not eligible for auto-proxying)
""2019-06-18 15:17:23 [main] INFO  o.s.b.w.e.tomcat.TomcatWebServer - Tomcat initialized with port(s): 8090 (http)
""2019-06-18 15:17:23 [main] INFO  o.a.catalina.core.StandardService - Starting service [Tomcat]
""2019-06-18 15:17:23 [main] INFO  o.a.catalina.core.StandardEngine - Starting Servlet engine: [Apache Tomcat/9.0.17]
""2019-06-18 15:17:23 [main] INFO  o.a.c.c.C.[Tomcat].[localhost].[/] - Initializing Spring embedded WebApplicationContext
""2019-06-18 15:17:23 [main] INFO  o.s.web.context.ContextLoader - Root WebApplicationContext: initialization completed in 2757 ms
""2019-06-18 15:17:23 [main] WARN  c.n.c.sources.URLConfigurationSource - No URLs will be polled as dynamic configuration sources.
""2019-06-18 15:17:23 [main] INFO  c.n.c.sources.URLConfigurationSource - To enable URLs as dynamic configuration sources, define System property archaius.configurationSource.additionalUrls or make config.properties available on classpath.
""2019-06-18 15:17:23 [main] INFO  c.n.config.DynamicPropertyFactory - DynamicPropertyFactory is initialized with configuration sources: com.netflix.config.ConcurrentCompositeConfiguration@11c713b7
""2019-06-18 15:17:24 [main] INFO  com.zaxxer.hikari.HikariDataSource - HikariPool-1 - Starting...
""2019-06-18 15:17:24 [main] WARN  c.z.hikari.util.DriverDataSource - Registered driver with driverClassName=com.mysql.jdbc.Driver was not found, trying direct instantiation.
""2019-06-18 15:17:24 [main] INFO  com.zaxxer.hikari.HikariDataSource - HikariPool-1 - Start completed.
""2019-06-18 15:17:24 [main] INFO  o.h.jpa.internal.util.LogHelper - HHH000204: Processing PersistenceUnitInfo [
	name: default
	...]
""2019-06-18 15:17:24 [main] INFO  org.hibernate.Version - HHH000412: Hibernate Core {5.3.9.Final}
""2019-06-18 15:17:24 [main] INFO  org.hibernate.cfg.Environment - HHH000206: hibernate.properties not found
""2019-06-18 15:17:25 [main] INFO  o.h.annotations.common.Version - HCANN000001: Hibernate Commons Annotations {5.0.4.Final}
""2019-06-18 15:17:25 [main] INFO  org.hibernate.dialect.Dialect - HHH000400: Using dialect: org.hibernate.dialect.MySQL5Dialect
""2019-06-18 15:17:27 [main] INFO  o.s.o.j.LocalContainerEntityManagerFactoryBean - Initialized JPA EntityManagerFactory for persistence unit 'default'
""2019-06-18 15:17:28 [main] INFO  o.h.h.i.QueryTranslatorFactoryInitiator - HHH000397: Using ASTQueryTranslatorFactory
""2019-06-18 15:17:29 [main] WARN  o.s.b.a.o.j.JpaBaseConfiguration$JpaWebConfiguration$JpaWebMvcConfiguration - spring.jpa.open-in-view is enabled by default. Therefore, database queries may be performed during view rendering. Explicitly configure spring.jpa.open-in-view to disable this warning
""2019-06-18 15:17:29 [main] INFO  o.s.b.a.e.web.EndpointLinksResolver - Exposing 2 endpoint(s) beneath base path '/actuator'
""2019-06-18 15:17:29 [main] INFO  s.d.s.w.PropertySourcedRequestMappingHandlerMapping - Mapped URL path [/v2/api-docs] onto method [public org.springframework.http.ResponseEntity<springfox.documentation.spring.web.json.Json> springfox.documentation.swagger2.web.Swagger2Controller.getDocumentation(java.lang.String,javax.servlet.http.HttpServletRequest)]
""2019-06-18 15:17:29 [main] WARN  c.n.c.sources.URLConfigurationSource - No URLs will be polled as dynamic configuration sources.
""2019-06-18 15:17:29 [main] INFO  c.n.c.sources.URLConfigurationSource - To enable URLs as dynamic configuration sources, define System property archaius.configurationSource.additionalUrls or make config.properties available on classpath.
""2019-06-18 15:17:30 [main] INFO  o.s.s.c.ThreadPoolTaskExecutor - Initializing ExecutorService 'applicationTaskExecutor'
""2019-06-18 15:17:30 [main] INFO  o.s.c.n.eureka.InstanceInfoFactory - Setting initial instance status as: STARTING
""2019-06-18 15:17:30 [main] INFO  c.netflix.discovery.DiscoveryClient - Initializing Eureka in region us-east-1
""2019-06-18 15:17:30 [main] INFO  c.n.d.p.DiscoveryJerseyProvider - Using JSON encoding codec LegacyJacksonJson
""2019-06-18 15:17:30 [main] INFO  c.n.d.p.DiscoveryJerseyProvider - Using JSON decoding codec LegacyJacksonJson
""2019-06-18 15:17:31 [main] INFO  c.n.d.p.DiscoveryJerseyProvider - Using XML encoding codec XStreamXml
""2019-06-18 15:17:31 [main] INFO  c.n.d.p.DiscoveryJerseyProvider - Using XML decoding codec XStreamXml
""2019-06-18 15:17:31 [main] INFO  c.n.d.s.r.aws.ConfigClusterResolver - Resolving eureka endpoints via configuration
""2019-06-18 15:17:31 [main] INFO  c.netflix.discovery.DiscoveryClient - Disable delta property : false
""2019-06-18 15:17:31 [main] INFO  c.netflix.discovery.DiscoveryClient - Single vip registry refresh property : null
""2019-06-18 15:17:31 [main] INFO  c.netflix.discovery.DiscoveryClient - Force full registry fetch : false
""2019-06-18 15:17:31 [main] INFO  c.netflix.discovery.DiscoveryClient - Application is null : false
""2019-06-18 15:17:31 [main] INFO  c.netflix.discovery.DiscoveryClient - Registered Applications size is zero : true
""2019-06-18 15:17:31 [main] INFO  c.netflix.discovery.DiscoveryClient - Application version is -1: true
""2019-06-18 15:17:31 [main] INFO  c.netflix.discovery.DiscoveryClient - Getting all instance registry info from the eureka server
""2019-06-18 15:17:31 [main] INFO  c.netflix.discovery.DiscoveryClient - The response status is 200
""2019-06-18 15:17:31 [main] INFO  c.netflix.discovery.DiscoveryClient - Starting heartbeat executor: renew interval is: 1
""2019-06-18 15:17:31 [main] INFO  c.n.discovery.InstanceInfoReplicator - InstanceInfoReplicator onDemand update allowed rate per min is 4
""2019-06-18 15:17:31 [main] INFO  c.netflix.discovery.DiscoveryClient - Discovery Client initialized at timestamp 1560851251869 with initial instances count: 2
""2019-06-18 15:17:31 [main] INFO  o.s.c.n.e.s.EurekaServiceRegistry - Registering application PRODUCT-SERVICE with eureka with status UP
""2019-06-18 15:17:31 [main] INFO  c.netflix.discovery.DiscoveryClient - Saw local status change event StatusChangeEvent [timestamp=1560851251876, current=UP, previous=STARTING]
""2019-06-18 15:17:31 [main] WARN  c.n.discovery.InstanceInfoReplicator - Ignoring onDemand update due to rate limiter
""2019-06-18 15:17:31 [main] INFO  s.d.s.w.p.DocumentationPluginsBootstrapper - Context refreshed
""2019-06-18 15:17:31 [DiscoveryClient-InstanceInfoReplicator-0] INFO  c.netflix.discovery.DiscoveryClient - DiscoveryClient_PRODUCT-SERVICE/INCN-TL-LP005.uaeexchange.org:product-service:8090: registering service...
""2019-06-18 15:17:31 [main] INFO  s.d.s.w.p.DocumentationPluginsBootstrapper - Found 1 custom documentation plugin(s)
""2019-06-18 15:17:31 [DiscoveryClient-InstanceInfoReplicator-0] INFO  c.netflix.discovery.DiscoveryClient - DiscoveryClient_PRODUCT-SERVICE/INCN-TL-LP005.uaeexchange.org:product-service:8090 - registration status: 204
""2019-06-18 15:17:32 [main] INFO  s.d.s.w.s.ApiListingReferenceScanner - Scanning for api listing references
""2019-06-18 15:17:32 [main] INFO  s.d.s.w.r.o.CachingOperationNameGenerator - Generating unique operation named: handleUsingGET_1
""2019-06-18 15:17:32 [main] INFO  s.d.s.w.r.o.CachingOperationNameGenerator - Generating unique operation named: handleUsingGET_2
""2019-06-18 15:17:32 [main] INFO  s.d.s.w.r.o.CachingOperationNameGenerator - Generating unique operation named: handleUsingGET_3
""2019-06-18 15:17:32 [main] INFO  o.s.b.w.e.tomcat.TomcatWebServer - Tomcat started on port(s): 8090 (http) with context path ''
""2019-06-18 15:17:32 [main] INFO  o.s.c.n.e.s.EurekaAutoServiceRegistration - Updating port to 8090
""2019-06-18 15:17:32 [main] INFO  com.ecotage.main.EcotageApplication - Started EcotageApplication in 13.662 seconds (JVM running for 15.057)
""2019-06-18 15:17:32 [http-nio-8090-exec-1] INFO  o.a.c.c.C.[Tomcat].[localhost].[/] - Initializing Spring DispatcherServlet 'dispatcherServlet'
""2019-06-18 15:17:32 [http-nio-8090-exec-1] INFO  o.s.web.servlet.DispatcherServlet - Initializing Servlet 'dispatcherServlet'
""2019-06-18 15:17:32 [http-nio-8090-exec-1] INFO  o.s.web.servlet.DispatcherServlet - Completed initialization in 10 ms
""2019-06-18 15:22:31 [AsyncResolver-bootstrap-executor-0] INFO  c.n.d.s.r.aws.ConfigClusterResolver - Resolving eureka endpoints via configuration
""2019-06-18 15:27:31 [AsyncResolver-bootstrap-executor-0] INFO  c.n.d.s.r.aws.ConfigClusterResolver - Resolving eureka endpoints via configuration
""2019-06-18 15:32:31 [AsyncResolver-bootstrap-executor-0] INFO  c.n.d.s.r.aws.ConfigClusterResolver - Resolving eureka endpoints via configuration
""2019-06-18 15:33:09 [http-nio-8090-exec-6] WARN  o.s.w.s.m.m.a.ExceptionHandlerExceptionResolver - Failure in @ExceptionHandler public com.ecotage.exception.ExceptionReponse com.ecotage.exception.ExceptionHandlerControllerAdvice.handleException(java.lang.Exception,javax.servlet.http.HttpServletRequest)
"org.apache.catalina.connector.ClientAbortException: java.io.IOException: An established connection was aborted by the software in your host machine
	at org.apache.catalina.connector.OutputBuffer.doFlush(OutputBuffer.java:299) ~[tomcat-embed-core-9.0.17.jar:9.0.17]
	at org.apache.catalina.connector.OutputBuffer.flush(OutputBuffer.java:262) ~[tomcat-embed-core-9.0.17.jar:9.0.17]
	at org.apache.catalina.connector.CoyoteOutputStream.flush(CoyoteOutputStream.java:118) ~[tomcat-embed-core-9.0.17.jar:9.0.17]
	at com.fasterxml.jackson.core.json.UTF8JsonGenerator.flush(UTF8JsonGenerator.java:1100) ~[jackson-core-2.9.8.jar:2.9.8]
	at com.fasterxml.jackson.databind.ObjectWriter.writeValue(ObjectWriter.java:915) ~[jackson-databind-2.9.8.jar:2.9.8]
	at org.springframework.http.converter.json.AbstractJackson2HttpMessageConverter.writeInternal(AbstractJackson2HttpMessageConverter.java:287) ~[spring-web-5.1.6.RELEASE.jar:5.1.6.RELEASE]
	at org.springframework.http.converter.AbstractGenericHttpMessageConverter.write(AbstractGenericHttpMessageConverter.java:103) ~[spring-web-5.1.6.RELEASE.jar:5.1.6.RELEASE]
	at org.springframework.web.servlet.mvc.method.annotation.AbstractMessageConverterMethodProcessor.writeWithMessageConverters(AbstractMessageConverterMethodProcessor.java:290) ~[spring-webmvc-5.1.6.RELEASE.jar:5.1.6.RELEASE]
	at org.springframework.web.servlet.mvc.method.annotation.RequestResponseBodyMethodProcessor.handleReturnValue(RequestResponseBodyMethodProcessor.java:180) ~[spring-webmvc-5.1.6.RELEASE.jar:5.1.6.RELEASE]
	at org.springframework.web.method.support.HandlerMethodReturnValueHandlerComposite.handleReturnValue(HandlerMethodReturnValueHandlerComposite.java:82) ~[spring-web-5.1.6.RELEASE.jar:5.1.6.RELEASE]
	at org.springframework.web.servlet.mvc.method.annotation.ServletInvocableHandlerMethod.invokeAndHandle(ServletInvocableHandlerMethod.java:119) ~[spring-webmvc-5.1.6.RELEASE.jar:5.1.6.RELEASE]
	at org.springframework.web.servlet.mvc.method.annotation.ExceptionHandlerExceptionResolver.doResolveHandlerMethodException(ExceptionHandlerExceptionResolver.java:408) ~[spring-webmvc-5.1.6.RELEASE.jar:5.1.6.RELEASE]
	at org.springframework.web.servlet.handler.AbstractHandlerMethodExceptionResolver.doResolveException(AbstractHandlerMethodExceptionResolver.java:61) [spring-webmvc-5.1.6.RELEASE.jar:5.1.6.RELEASE]
	at org.springframework.web.servlet.handler.AbstractHandlerExceptionResolver.resolveException(AbstractHandlerExceptionResolver.java:139) [spring-webmvc-5.1.6.RELEASE.jar:5.1.6.RELEASE]
	at org.springframework.web.servlet.handler.HandlerExceptionResolverComposite.resolveException(HandlerExceptionResolverComposite.java:79) [spring-webmvc-5.1.6.RELEASE.jar:5.1.6.RELEASE]
	at org.springframework.web.servlet.DispatcherServlet.processHandlerException(DispatcherServlet.java:1297) [spring-webmvc-5.1.6.RELEASE.jar:5.1.6.RELEASE]
	at org.springframework.web.servlet.DispatcherServlet.processDispatchResult(DispatcherServlet.java:1109) [spring-webmvc-5.1.6.RELEASE.jar:5.1.6.RELEASE]
	at org.springframework.web.servlet.DispatcherServlet.doDispatch(DispatcherServlet.java:1055) [spring-webmvc-5.1.6.RELEASE.jar:5.1.6.RELEASE]
	at org.springframework.web.servlet.DispatcherServlet.doService(DispatcherServlet.java:942) [spring-webmvc-5.1.6.RELEASE.jar:5.1.6.RELEASE]
	at org.springframework.web.servlet.FrameworkServlet.processRequest(FrameworkServlet.java:1005) [spring-webmvc-5.1.6.RELEASE.jar:5.1.6.RELEASE]
	at org.springframework.web.servlet.FrameworkServlet.doGet(FrameworkServlet.java:897) [spring-webmvc-5.1.6.RELEASE.jar:5.1.6.RELEASE]
	at javax.servlet.http.HttpServlet.service(HttpServlet.java:634) [tomcat-embed-core-9.0.17.jar:9.0.17]
	at org.springframework.web.servlet.FrameworkServlet.service(FrameworkServlet.java:882) [spring-webmvc-5.1.6.RELEASE.jar:5.1.6.RELEASE]
	at javax.servlet.http.HttpServlet.service(HttpServlet.java:741) [tomcat-embed-core-9.0.17.jar:9.0.17]
	at org.apache.catalina.core.ApplicationFilterChain.internalDoFilter(ApplicationFilterChain.java:231) [tomcat-embed-core-9.0.17.jar:9.0.17]
	at org.apache.catalina.core.ApplicationFilterChain.doFilter(ApplicationFilterChain.java:166) [tomcat-embed-core-9.0.17.jar:9.0.17]
	at org.apache.tomcat.websocket.server.WsFilter.doFilter(WsFilter.java:53) [tomcat-embed-websocket-9.0.17.jar:9.0.17]
	at org.apache.catalina.core.ApplicationFilterChain.internalDoFilter(ApplicationFilterChain.java:193) [tomcat-embed-core-9.0.17.jar:9.0.17]
	at org.apache.catalina.core.ApplicationFilterChain.doFilter(ApplicationFilterChain.java:166) [tomcat-embed-core-9.0.17.jar:9.0.17]
	at org.springframework.boot.actuate.web.trace.servlet.HttpTraceFilter.doFilterInternal(HttpTraceFilter.java:90) [spring-boot-actuator-2.1.4.RELEASE.jar:2.1.4.RELEASE]
	at org.springframework.web.filter.OncePerRequestFilter.doFilter(OncePerRequestFilter.java:107) [spring-web-5.1.6.RELEASE.jar:5.1.6.RELEASE]
	at org.apache.catalina.core.ApplicationFilterChain.internalDoFilter(ApplicationFilterChain.java:193) [tomcat-embed-core-9.0.17.jar:9.0.17]
	at org.apache.catalina.core.ApplicationFilterChain.doFilter(ApplicationFilterChain.java:166) [tomcat-embed-core-9.0.17.jar:9.0.17]
	at org.springframework.web.filter.RequestContextFilter.doFilterInternal(RequestContextFilter.java:99) [spring-web-5.1.6.RELEASE.jar:5.1.6.RELEASE]
	at org.springframework.web.filter.OncePerRequestFilter.doFilter(OncePerRequestFilter.java:107) [spring-web-5.1.6.RELEASE.jar:5.1.6.RELEASE]
	at org.apache.catalina.core.ApplicationFilterChain.internalDoFilter(ApplicationFilterChain.java:193) [tomcat-embed-core-9.0.17.jar:9.0.17]
	at org.apache.catalina.core.ApplicationFilterChain.doFilter(ApplicationFilterChain.java:166) [tomcat-embed-core-9.0.17.jar:9.0.17]
	at org.springframework.web.filter.FormContentFilter.doFilterInternal(FormContentFilter.java:92) [spring-web-5.1.6.RELEASE.jar:5.1.6.RELEASE]
	at org.springframework.web.filter.OncePerRequestFilter.doFilter(OncePerRequestFilter.java:107) [spring-web-5.1.6.RELEASE.jar:5.1.6.RELEASE]
	at org.apache.catalina.core.ApplicationFilterChain.internalDoFilter(ApplicationFilterChain.java:193) [tomcat-embed-core-9.0.17.jar:9.0.17]
	at org.apache.catalina.core.ApplicationFilterChain.doFilter(ApplicationFilterChain.java:166) [tomcat-embed-core-9.0.17.jar:9.0.17]
	at org.springframework.web.filter.HiddenHttpMethodFilter.doFilterInternal(HiddenHttpMethodFilter.java:93) [spring-web-5.1.6.RELEASE.jar:5.1.6.RELEASE]
	at org.springframework.web.filter.OncePerRequestFilter.doFilter(OncePerRequestFilter.java:107) [spring-web-5.1.6.RELEASE.jar:5.1.6.RELEASE]
	at org.apache.catalina.core.ApplicationFilterChain.internalDoFilter(ApplicationFilterChain.java:193) [tomcat-embed-core-9.0.17.jar:9.0.17]
	at org.apache.catalina.core.ApplicationFilterChain.doFilter(ApplicationFilterChain.java:166) [tomcat-embed-core-9.0.17.jar:9.0.17]
	at org.springframework.boot.actuate.metrics.web.servlet.WebMvcMetricsFilter.filterAndRecordMetrics(WebMvcMetricsFilter.java:117) [spring-boot-actuator-2.1.4.RELEASE.jar:2.1.4.RELEASE]
	at org.springframework.boot.actuate.metrics.web.servlet.WebMvcMetricsFilter.doFilterInternal(WebMvcMetricsFilter.java:106) [spring-boot-actuator-2.1.4.RELEASE.jar:2.1.4.RELEASE]
	at org.springframework.web.filter.OncePerRequestFilter.doFilter(OncePerRequestFilter.java:107) [spring-web-5.1.6.RELEASE.jar:5.1.6.RELEASE]
	at org.apache.catalina.core.ApplicationFilterChain.internalDoFilter(ApplicationFilterChain.java:193) [tomcat-embed-core-9.0.17.jar:9.0.17]
	at org.apache.catalina.core.ApplicationFilterChain.doFilter(ApplicationFilterChain.java:166) [tomcat-embed-core-9.0.17.jar:9.0.17]
	at org.springframework.web.filter.CharacterEncodingFilter.doFilterInternal(CharacterEncodingFilter.java:200) [spring-web-5.1.6.RELEASE.jar:5.1.6.RELEASE]
	at org.springframework.web.filter.OncePerRequestFilter.doFilter(OncePerRequestFilter.java:107) [spring-web-5.1.6.RELEASE.jar:5.1.6.RELEASE]
	at org.apache.catalina.core.ApplicationFilterChain.internalDoFilter(ApplicationFilterChain.java:193) [tomcat-embed-core-9.0.17.jar:9.0.17]
	at org.apache.catalina.core.ApplicationFilterChain.doFilter(ApplicationFilterChain.java:166) [tomcat-embed-core-9.0.17.jar:9.0.17]
	at org.apache.catalina.core.StandardWrapperValve.invoke(StandardWrapperValve.java:200) [tomcat-embed-core-9.0.17.jar:9.0.17]
	at org.apache.catalina.core.StandardContextValve.invoke(StandardContextValve.java:96) [tomcat-embed-core-9.0.17.jar:9.0.17]
	at org.apache.catalina.authenticator.AuthenticatorBase.invoke(AuthenticatorBase.java:490) [tomcat-embed-core-9.0.17.jar:9.0.17]
	at org.apache.catalina.core.StandardHostValve.invoke(StandardHostValve.java:139) [tomcat-embed-core-9.0.17.jar:9.0.17]
	at org.apache.catalina.valves.ErrorReportValve.invoke(ErrorReportValve.java:92) [tomcat-embed-core-9.0.17.jar:9.0.17]
	at org.apache.catalina.core.StandardEngineValve.invoke(StandardEngineValve.java:74) [tomcat-embed-core-9.0.17.jar:9.0.17]
	at org.apache.catalina.connector.CoyoteAdapter.service(CoyoteAdapter.java:343) [tomcat-embed-core-9.0.17.jar:9.0.17]
	at org.apache.coyote.http11.Http11Processor.service(Http11Processor.java:408) [tomcat-embed-core-9.0.17.jar:9.0.17]
	at org.apache.coyote.AbstractProcessorLight.process(AbstractProcessorLight.java:66) [tomcat-embed-core-9.0.17.jar:9.0.17]
	at org.apache.coyote.AbstractProtocol$ConnectionHandler.process(AbstractProtocol.java:834) [tomcat-embed-core-9.0.17.jar:9.0.17]
	at org.apache.tomcat.util.net.NioEndpoint$SocketProcessor.doRun(NioEndpoint.java:1415) [tomcat-embed-core-9.0.17.jar:9.0.17]
	at org.apache.tomcat.util.net.SocketProcessorBase.run(SocketProcessorBase.java:49) [tomcat-embed-core-9.0.17.jar:9.0.17]
	at java.util.concurrent.ThreadPoolExecutor.runWorker(Unknown Source) [na:1.8.0_192]
	at java.util.concurrent.ThreadPoolExecutor$Worker.run(Unknown Source) [na:1.8.0_192]
	at org.apache.tomcat.util.threads.TaskThread$WrappingRunnable.run(TaskThread.java:61) [tomcat-embed-core-9.0.17.jar:9.0.17]
	at java.lang.Thread.run(Unknown Source) [na:1.8.0_192]
Caused by: java.io.IOException: An established connection was aborted by the software in your host machine
	at sun.nio.ch.SocketDispatcher.write0(Native Method) ~[na:1.8.0_192]
	at sun.nio.ch.SocketDispatcher.write(Unknown Source) ~[na:1.8.0_192]
	at sun.nio.ch.IOUtil.writeFromNativeBuffer(Unknown Source) ~[na:1.8.0_192]
	at sun.nio.ch.IOUtil.write(Unknown Source) ~[na:1.8.0_192]
	at sun.nio.ch.SocketChannelImpl.write(Unknown Source) ~[na:1.8.0_192]
	at org.apache.tomcat.util.net.NioChannel.write(NioChannel.java:134) ~[tomcat-embed-core-9.0.17.jar:9.0.17]
	at org.apache.tomcat.util.net.NioBlockingSelector.write(NioBlockingSelector.java:105) ~[tomcat-embed-core-9.0.17.jar:9.0.17]
	at org.apache.tomcat.util.net.NioSelectorPool.write(NioSelectorPool.java:144) ~[tomcat-embed-core-9.0.17.jar:9.0.17]
	at org.apache.tomcat.util.net.NioEndpoint$NioSocketWrapper.doWrite(NioEndpoint.java:1223) ~[tomcat-embed-core-9.0.17.jar:9.0.17]
	at org.apache.tomcat.util.net.SocketWrapperBase.doWrite(SocketWrapperBase.java:748) ~[tomcat-embed-core-9.0.17.jar:9.0.17]
	at org.apache.tomcat.util.net.SocketWrapperBase.flushBlocking(SocketWrapperBase.java:701) ~[tomcat-embed-core-9.0.17.jar:9.0.17]
	at org.apache.tomcat.util.net.SocketWrapperBase.flush(SocketWrapperBase.java:691) ~[tomcat-embed-core-9.0.17.jar:9.0.17]
	at org.apache.coyote.http11.Http11OutputBuffer$SocketOutputBuffer.flush(Http11OutputBuffer.java:553) ~[tomcat-embed-core-9.0.17.jar:9.0.17]
	at org.apache.coyote.http11.filters.ChunkedOutputFilter.flush(ChunkedOutputFilter.java:157) ~[tomcat-embed-core-9.0.17.jar:9.0.17]
	at org.apache.coyote.http11.Http11OutputBuffer.flush(Http11OutputBuffer.java:216) ~[tomcat-embed-core-9.0.17.jar:9.0.17]
	at org.apache.coyote.http11.Http11Processor.flush(Http11Processor.java:1149) [tomcat-embed-core-9.0.17.jar:9.0.17]
	at org.apache.coyote.AbstractProcessor.action(AbstractProcessor.java:394) ~[tomcat-embed-core-9.0.17.jar:9.0.17]
	at org.apache.coyote.Response.action(Response.java:209) ~[tomcat-embed-core-9.0.17.jar:9.0.17]
	at org.apache.catalina.connector.OutputBuffer.doFlush(OutputBuffer.java:295) ~[tomcat-embed-core-9.0.17.jar:9.0.17]
	... 69 common frames omitted
"2019-06-18 15:34:03 [http-nio-8090-exec-8] INFO  c.e.s.impl.UserManagementServiceImpl - add User datail
""2019-06-18 15:34:08 [http-nio-8090-exec-10] INFO  c.e.s.impl.UserManagementServiceImpl - add User datail
""2019-06-18 15:34:11 [http-nio-8090-exec-4] INFO  c.e.s.impl.UserManagementServiceImpl - add User datail
""2019-06-18 15:35:51 [http-nio-8090-exec-8] INFO  c.e.s.impl.UserManagementServiceImpl - add User datail
""2019-06-18 15:36:18 [http-nio-8090-exec-2] INFO  c.e.s.impl.UserManagementServiceImpl - add User datail
""2019-06-18 15:36:22 [http-nio-8090-exec-3] INFO  c.e.s.impl.UserManagementServiceImpl - add User datail
""2019-06-18 15:37:31 [AsyncResolver-bootstrap-executor-0] INFO  c.n.d.s.r.aws.ConfigClusterResolver - Resolving eureka endpoints via configuration
""2019-06-18 15:37:51 [http-nio-8090-exec-2] INFO  c.e.service.impl.PaymentServiceImpl - AddCartDetails [cartId=0, quantity=1, price=753.0, userId=1, status=1, productId=9]
""2019-06-18 15:37:52 [http-nio-8090-exec-7] INFO  c.e.s.impl.UserManagementServiceImpl - add User datail
""2019-06-18 15:38:01 [http-nio-8090-exec-1] INFO  c.e.s.impl.UserManagementServiceImpl - add User datail
""2019-06-18 15:38:01 [http-nio-8090-exec-10] INFO  c.e.s.impl.UserManagementServiceImpl - add User datail
""2019-06-18 15:38:01 [http-nio-8090-exec-9] INFO  c.e.s.impl.UserManagementServiceImpl - add User datail
""2019-06-18 15:38:05 [http-nio-8090-exec-2] INFO  c.e.s.impl.UserManagementServiceImpl - add User datail
""2019-06-18 15:38:05 [http-nio-8090-exec-3] INFO  c.e.s.impl.UserManagementServiceImpl - add User datail
""2019-06-18 15:39:32 [http-nio-8090-exec-5] INFO  c.e.s.impl.UserManagementServiceImpl - add User datail
""2019-06-18 15:39:39 [http-nio-8090-exec-10] INFO  c.e.service.impl.PaymentServiceImpl - AddCartDetails [cartId=0, quantity=1, price=753.0, userId=13, status=1, productId=9]
""2019-06-18 15:39:40 [http-nio-8090-exec-9] INFO  c.e.service.impl.PaymentServiceImpl - AddCartDetails [cartId=0, quantity=1, price=761.0, userId=13, status=1, productId=12]
""2019-06-18 15:39:47 [http-nio-8090-exec-7] INFO  c.e.s.impl.UserManagementServiceImpl - add User datail
""2019-06-18 15:40:03 [http-nio-8090-exec-1] INFO  c.e.s.impl.UserManagementServiceImpl - add User datail
""2019-06-18 15:40:03 [http-nio-8090-exec-8] INFO  c.e.s.impl.UserManagementServiceImpl - add User datail
""2019-06-18 15:40:04 [http-nio-8090-exec-10] INFO  c.e.s.impl.UserManagementServiceImpl - add User datail
""2019-06-18 15:40:32 [http-nio-8090-exec-9] INFO  c.e.s.impl.UserManagementServiceImpl - add User datail
""2019-06-18 15:40:50 [http-nio-8090-exec-3] INFO  c.e.s.impl.UserManagementServiceImpl - add User datail
""2019-06-18 15:40:55 [http-nio-8090-exec-4] INFO  c.e.s.impl.UserManagementServiceImpl - add User datail
""2019-06-18 15:40:55 [http-nio-8090-exec-1] INFO  c.e.s.impl.UserManagementServiceImpl - add User datail
""2019-06-18 15:40:55 [http-nio-8090-exec-8] INFO  c.e.s.impl.UserManagementServiceImpl - add User datail
""2019-06-18 15:41:40 [http-nio-8090-exec-4] INFO  c.e.s.impl.UserManagementServiceImpl - add User datail
""2019-06-18 15:41:41 [http-nio-8090-exec-1] INFO  c.e.s.impl.UserManagementServiceImpl - add User datail
""2019-06-18 15:42:01 [http-nio-8090-exec-2] INFO  c.e.service.impl.PaymentServiceImpl - AddCartDetails [cartId=0, quantity=1, price=753.0, userId=13, status=1, productId=9]
""2019-06-18 15:42:01 [http-nio-8090-exec-6] INFO  c.e.s.impl.UserManagementServiceImpl - add User datail
""2019-06-18 15:42:02 [http-nio-8090-exec-5] INFO  c.e.s.impl.UserManagementServiceImpl - add User datail
""2019-06-18 15:42:02 [http-nio-8090-exec-1] INFO  c.e.s.impl.UserManagementServiceImpl - add User datail
""2019-06-18 15:42:02 [http-nio-8090-exec-8] INFO  c.e.s.impl.UserManagementServiceImpl - add User datail
""2019-06-18 15:42:31 [AsyncResolver-bootstrap-executor-0] INFO  c.n.d.s.r.aws.ConfigClusterResolver - Resolving eureka endpoints via configuration
""2019-06-18 15:47:31 [AsyncResolver-bootstrap-executor-0] INFO  c.n.d.s.r.aws.ConfigClusterResolver - Resolving eureka endpoints via configuration
""2019-06-18 15:48:15 [http-nio-8090-exec-2] INFO  c.e.s.impl.UserManagementServiceImpl - add User datail
""2019-06-18 15:48:15 [http-nio-8090-exec-3] INFO  c.e.s.impl.UserManagementServiceImpl - add User datail
""2019-06-18 15:48:24 [http-nio-8090-exec-7] INFO  c.e.s.impl.UserManagementServiceImpl - add User datail
""2019-06-18 15:49:59 [http-nio-8090-exec-9] INFO  c.e.service.impl.PaymentServiceImpl - AddCartDetails [cartId=0, quantity=1, price=55.0, userId=13, status=1, productId=44]
""2019-06-18 15:50:01 [http-nio-8090-exec-2] INFO  c.e.s.impl.UserManagementServiceImpl - add User datail
""2019-06-18 15:50:02 [http-nio-8090-exec-6] INFO  c.e.s.impl.UserManagementServiceImpl - add User datail
""2019-06-18 15:50:02 [http-nio-8090-exec-4] INFO  c.e.s.impl.UserManagementServiceImpl - add User datail
""2019-06-18 15:50:02 [http-nio-8090-exec-1] INFO  c.e.s.impl.UserManagementServiceImpl - add User datail
""2019-06-18 15:50:20 [http-nio-8090-exec-5] INFO  c.e.s.impl.UserManagementServiceImpl - add User datail
""2019-06-18 15:50:22 [http-nio-8090-exec-9] INFO  c.e.s.impl.UserManagementServiceImpl - add User datail
""2019-06-18 15:50:24 [http-nio-8090-exec-10] INFO  c.e.s.impl.UserManagementServiceImpl - add User datail
""2019-06-18 15:50:24 [http-nio-8090-exec-2] INFO  c.e.s.impl.UserManagementServiceImpl - add User datail
""2019-06-18 15:50:24 [http-nio-8090-exec-6] INFO  c.e.s.impl.UserManagementServiceImpl - add User datail
""2019-06-18 15:52:31 [AsyncResolver-bootstrap-executor-0] INFO  c.n.d.s.r.aws.ConfigClusterResolver - Resolving eureka endpoints via configuration
""2019-06-18 15:52:32 [http-nio-8090-exec-6] INFO  c.e.s.impl.UserManagementServiceImpl - add User datail
""2019-06-18 15:52:33 [http-nio-8090-exec-8] INFO  c.e.s.impl.UserManagementServiceImpl - add User datail
""2019-06-18 15:53:15 [http-nio-8090-exec-2] INFO  c.e.service.impl.PaymentServiceImpl - AddCartDetails [cartId=0, quantity=1, price=760.0, userId=13, status=1, productId=10]
""2019-06-18 15:53:16 [http-nio-8090-exec-6] INFO  c.e.s.impl.UserManagementServiceImpl - add User datail
""2019-06-18 15:53:17 [http-nio-8090-exec-5] INFO  c.e.s.impl.UserManagementServiceImpl - add User datail
""2019-06-18 15:53:17 [http-nio-8090-exec-8] INFO  c.e.s.impl.UserManagementServiceImpl - add User datail
""2019-06-18 15:53:17 [http-nio-8090-exec-9] INFO  c.e.s.impl.UserManagementServiceImpl - add User datail
""2019-06-18 15:57:31 [AsyncResolver-bootstrap-executor-0] INFO  c.n.d.s.r.aws.ConfigClusterResolver - Resolving eureka endpoints via configuration
""2019-06-18 16:02:31 [AsyncResolver-bootstrap-executor-0] INFO  c.n.d.s.r.aws.ConfigClusterResolver - Resolving eureka endpoints via configuration
""2019-06-18 16:06:40 [http-nio-8090-exec-4] INFO  c.e.s.impl.UserManagementServiceImpl - add User datail
""2019-06-18 16:06:41 [http-nio-8090-exec-6] INFO  c.e.s.impl.UserManagementServiceImpl - add User datail
""2019-06-18 16:06:42 [http-nio-8090-exec-5] INFO  c.e.s.impl.UserManagementServiceImpl - add User datail
""2019-06-18 16:06:42 [http-nio-8090-exec-9] INFO  c.e.s.impl.UserManagementServiceImpl - add User datail
""2019-06-18 16:06:42 [http-nio-8090-exec-7] INFO  c.e.s.impl.UserManagementServiceImpl - add User datail
""2019-06-18 16:07:10 [http-nio-8090-exec-3] INFO  c.e.s.impl.UserManagementServiceImpl - add User datail
""2019-06-18 16:07:14 [http-nio-8090-exec-1] INFO  c.e.s.impl.UserManagementServiceImpl - add User datail
""2019-06-18 16:07:16 [http-nio-8090-exec-5] INFO  c.e.s.impl.UserManagementServiceImpl - add User datail
""2019-06-18 16:07:16 [http-nio-8090-exec-2] INFO  c.e.service.impl.PaymentServiceImpl - AddCartDetails [cartId=0, quantity=1, price=208.0, userId=13, status=1, productId=62]
""2019-06-18 16:07:17 [http-nio-8090-exec-6] INFO  c.e.s.impl.UserManagementServiceImpl - add User datail
""2019-06-18 16:07:18 [http-nio-8090-exec-8] INFO  c.e.s.impl.UserManagementServiceImpl - add User datail
""2019-06-18 16:07:18 [http-nio-8090-exec-5] INFO  c.e.s.impl.UserManagementServiceImpl - add User datail
""2019-06-18 16:07:18 [http-nio-8090-exec-9] INFO  c.e.s.impl.UserManagementServiceImpl - add User datail
""2019-06-18 16:07:25 [http-nio-8090-exec-10] INFO  c.e.s.impl.UserManagementServiceImpl - add User datail
""2019-06-18 16:07:27 [http-nio-8090-exec-2] INFO  c.e.s.impl.UserManagementServiceImpl - add User datail
""2019-06-18 16:07:30 [http-nio-8090-exec-4] INFO  c.e.s.impl.UserManagementServiceImpl - add User datail
""2019-06-18 16:07:30 [http-nio-8090-exec-6] INFO  c.e.s.impl.UserManagementServiceImpl - add User datail
""2019-06-18 16:07:30 [http-nio-8090-exec-5] INFO  c.e.s.impl.UserManagementServiceImpl - add User datail
""2019-06-18 16:07:31 [AsyncResolver-bootstrap-executor-0] INFO  c.n.d.s.r.aws.ConfigClusterResolver - Resolving eureka endpoints via configuration
""2019-06-18 16:12:31 [AsyncResolver-bootstrap-executor-0] INFO  c.n.d.s.r.aws.ConfigClusterResolver - Resolving eureka endpoints via configuration
""2019-06-18 16:17:31 [AsyncResolver-bootstrap-executor-0] INFO  c.n.d.s.r.aws.ConfigClusterResolver - Resolving eureka endpoints via configuration
""2019-06-18 16:22:31 [AsyncResolver-bootstrap-executor-0] INFO  c.n.d.s.r.aws.ConfigClusterResolver - Resolving eureka endpoints via configuration
""2019-06-18 16:23:31 [http-nio-8090-exec-8] INFO  c.e.s.impl.UserManagementServiceImpl - add User datail
""2019-06-18 16:23:37 [http-nio-8090-exec-10] INFO  c.e.service.impl.PaymentServiceImpl - AddCartDetails [cartId=0, quantity=1, price=760.0, userId=13, status=1, productId=10]
""2019-06-18 16:23:37 [http-nio-8090-exec-7] INFO  c.e.service.impl.PaymentServiceImpl - AddCartDetails [cartId=0, quantity=1, price=761.0, userId=13, status=1, productId=11]
""2019-06-18 16:23:39 [http-nio-8090-exec-1] INFO  c.e.s.impl.UserManagementServiceImpl - add User datail
""2019-06-18 16:23:40 [http-nio-8090-exec-8] INFO  c.e.s.impl.UserManagementServiceImpl - add User datail
""2019-06-18 16:23:40 [http-nio-8090-exec-3] INFO  c.e.s.impl.UserManagementServiceImpl - add User datail
""2019-06-18 16:23:40 [http-nio-8090-exec-5] INFO  c.e.s.impl.UserManagementServiceImpl - add User datail
""2019-06-18 16:23:46 [http-nio-8090-exec-9] INFO  c.e.s.impl.UserManagementServiceImpl - add User datail
""2019-06-18 16:23:50 [http-nio-8090-exec-7] INFO  c.e.s.impl.UserManagementServiceImpl - add User datail
""2019-06-18 16:23:51 [http-nio-8090-exec-4] INFO  c.e.s.impl.UserManagementServiceImpl - add User datail
""2019-06-18 16:23:51 [http-nio-8090-exec-8] INFO  c.e.s.impl.UserManagementServiceImpl - add User datail
""2019-06-18 16:23:51 [http-nio-8090-exec-5] INFO  c.e.s.impl.UserManagementServiceImpl - add User datail
""2019-06-18 16:24:11 [http-nio-8090-exec-1] INFO  c.e.service.impl.PaymentServiceImpl - AddCartDetails [cartId=0, quantity=1, price=761.0, userId=13, status=1, productId=12]
""2019-06-18 16:24:11 [http-nio-8090-exec-4] INFO  c.e.service.impl.PaymentServiceImpl - AddCartDetails [cartId=0, quantity=1, price=753.0, userId=13, status=1, productId=9]
""2019-06-18 16:24:12 [http-nio-8090-exec-5] INFO  c.e.s.impl.UserManagementServiceImpl - add User datail
""2019-06-18 16:24:13 [http-nio-8090-exec-9] INFO  c.e.s.impl.UserManagementServiceImpl - add User datail
""2019-06-18 16:24:13 [http-nio-8090-exec-10] INFO  c.e.s.impl.UserManagementServiceImpl - add User datail
""2019-06-18 16:24:13 [http-nio-8090-exec-2] INFO  c.e.s.impl.UserManagementServiceImpl - add User datail
""2019-06-18 16:25:17 [http-nio-8090-exec-8] INFO  c.e.s.impl.UserManagementServiceImpl - add User datail
""2019-06-18 16:25:17 [http-nio-8090-exec-3] INFO  c.e.s.impl.UserManagementServiceImpl - add User datail
""2019-06-18 16:25:17 [http-nio-8090-exec-9] INFO  c.e.s.impl.UserManagementServiceImpl - add User datail
""2019-06-18 16:25:19 [http-nio-8090-exec-2] INFO  c.e.s.impl.UserManagementServiceImpl - add User datail
""2019-06-18 16:25:37 [http-nio-8090-exec-7] INFO  c.e.s.impl.UserManagementServiceImpl - add User datail
""2019-06-18 16:25:41 [http-nio-8090-exec-4] INFO  c.e.s.impl.UserManagementServiceImpl - add User datail
""2019-06-18 16:25:42 [http-nio-8090-exec-5] INFO  c.e.s.impl.UserManagementServiceImpl - add User datail
""2019-06-18 16:25:42 [http-nio-8090-exec-8] INFO  c.e.s.impl.UserManagementServiceImpl - add User datail
""2019-06-18 16:25:42 [http-nio-8090-exec-3] INFO  c.e.s.impl.UserManagementServiceImpl - add User datail
""2019-06-18 16:25:48 [http-nio-8090-exec-9] INFO  c.e.s.impl.UserManagementServiceImpl - add User datail
""2019-06-18 16:25:49 [http-nio-8090-exec-2] INFO  c.e.s.impl.UserManagementServiceImpl - add User datail
""2019-06-18 16:26:08 [http-nio-8090-exec-1] INFO  c.e.s.impl.UserManagementServiceImpl - add User datail
""2019-06-18 16:26:08 [http-nio-8090-exec-6] INFO  c.e.s.impl.UserManagementServiceImpl - add User datail
""2019-06-18 16:26:08 [http-nio-8090-exec-8] INFO  c.e.s.impl.UserManagementServiceImpl - add User datail
""2019-06-18 16:27:06 [http-nio-8090-exec-5] INFO  c.e.service.impl.PaymentServiceImpl - AddCartDetails [cartId=0, quantity=1, price=753.0, userId=2, status=1, productId=9]
""2019-06-18 16:27:07 [http-nio-8090-exec-3] INFO  c.e.s.impl.UserManagementServiceImpl - add User datail
""2019-06-18 16:27:08 [http-nio-8090-exec-10] INFO  c.e.s.impl.UserManagementServiceImpl - add User datail
""2019-06-18 16:27:08 [http-nio-8090-exec-2] INFO  c.e.s.impl.UserManagementServiceImpl - add User datail
""2019-06-18 16:27:08 [http-nio-8090-exec-4] INFO  c.e.s.impl.UserManagementServiceImpl - add User datail
""2019-06-18 16:27:31 [AsyncResolver-bootstrap-executor-0] INFO  c.n.d.s.r.aws.ConfigClusterResolver - Resolving eureka endpoints via configuration
""2019-06-18 16:28:04 [http-nio-8090-exec-6] INFO  c.e.s.impl.UserManagementServiceImpl - add User datail
""2019-06-18 16:28:06 [http-nio-8090-exec-8] INFO  c.e.s.impl.UserManagementServiceImpl - add User datail
""2019-06-18 16:28:43 [http-nio-8090-exec-9] INFO  c.e.s.impl.UserManagementServiceImpl - add User datail
""2019-06-18 16:28:43 [http-nio-8090-exec-2] INFO  c.e.s.impl.UserManagementServiceImpl - add User datail
""2019-06-18 16:28:43 [http-nio-8090-exec-1] INFO  c.e.s.impl.UserManagementServiceImpl - add User datail
""2019-06-18 16:31:20 [http-nio-8090-exec-4] INFO  c.e.s.impl.UserManagementServiceImpl - add User datail
""2019-06-18 16:31:21 [http-nio-8090-exec-7] INFO  c.e.s.impl.UserManagementServiceImpl - add User datail
""2019-06-18 16:31:22 [http-nio-8090-exec-6] INFO  c.e.service.impl.PaymentServiceImpl - AddCartDetails [cartId=0, quantity=1, price=761.0, userId=2, status=1, productId=11]
""2019-06-18 16:31:23 [http-nio-8090-exec-3] INFO  c.e.s.impl.UserManagementServiceImpl - add User datail
""2019-06-18 16:31:24 [http-nio-8090-exec-4] INFO  c.e.s.impl.UserManagementServiceImpl - add User datail
""2019-06-18 16:31:24 [http-nio-8090-exec-2] INFO  c.e.s.impl.UserManagementServiceImpl - add User datail
""2019-06-18 16:31:24 [http-nio-8090-exec-1] INFO  c.e.s.impl.UserManagementServiceImpl - add User datail
""2019-06-18 16:31:50 [http-nio-8090-exec-7] INFO  c.e.s.impl.UserManagementServiceImpl - add User datail
""2019-06-18 16:31:51 [http-nio-8090-exec-6] INFO  c.e.s.impl.UserManagementServiceImpl - add User datail
""2019-06-18 16:31:56 [http-nio-8090-exec-5] INFO  c.e.s.impl.UserManagementServiceImpl - add User datail
""2019-06-18 16:31:56 [http-nio-8090-exec-3] INFO  c.e.s.impl.UserManagementServiceImpl - add User datail
""2019-06-18 16:31:56 [http-nio-8090-exec-2] INFO  c.e.s.impl.UserManagementServiceImpl - add User datail
""2019-06-18 16:32:01 [http-nio-8090-exec-6] INFO  c.e.service.impl.PaymentServiceImpl - AddCartDetails [cartId=0, quantity=1, price=208.0, userId=2, status=1, productId=63]
""2019-06-18 16:32:02 [http-nio-8090-exec-3] INFO  c.e.s.impl.UserManagementServiceImpl - add User datail
""2019-06-18 16:32:03 [http-nio-8090-exec-8] INFO  c.e.s.impl.UserManagementServiceImpl - add User datail
""2019-06-18 16:32:03 [http-nio-8090-exec-2] INFO  c.e.s.impl.UserManagementServiceImpl - add User datail
""2019-06-18 16:32:03 [http-nio-8090-exec-1] INFO  c.e.s.impl.UserManagementServiceImpl - add User datail
""2019-06-18 16:32:31 [AsyncResolver-bootstrap-executor-0] INFO  c.n.d.s.r.aws.ConfigClusterResolver - Resolving eureka endpoints via configuration
""2019-06-18 16:33:04 [http-nio-8090-exec-4] INFO  c.e.s.impl.UserManagementServiceImpl - add User datail
""2019-06-18 16:33:04 [http-nio-8090-exec-8] INFO  c.e.s.impl.UserManagementServiceImpl - add User datail
""2019-06-18 16:33:47 [http-nio-8090-exec-10] INFO  c.e.s.impl.UserManagementServiceImpl - add User datail
""2019-06-18 16:33:47 [http-nio-8090-exec-7] INFO  c.e.s.impl.UserManagementServiceImpl - add User datail
""2019-06-18 16:34:22 [http-nio-8090-exec-9] INFO  c.e.s.impl.UserManagementServiceImpl - add User datail
""2019-06-18 16:34:22 [http-nio-8090-exec-3] INFO  c.e.s.impl.UserManagementServiceImpl - add User datail
""2019-06-18 16:34:37 [http-nio-8090-exec-1] INFO  c.e.s.impl.UserManagementServiceImpl - add User datail
""2019-06-18 16:34:37 [http-nio-8090-exec-2] INFO  c.e.s.impl.UserManagementServiceImpl - add User datail
""2019-06-18 16:35:11 [http-nio-8090-exec-6] INFO  c.e.s.impl.UserManagementServiceImpl - add User datail
""2019-06-18 16:35:11 [http-nio-8090-exec-5] INFO  c.e.s.impl.UserManagementServiceImpl - add User datail
""2019-06-18 16:35:57 [http-nio-8090-exec-4] INFO  c.e.s.impl.UserManagementServiceImpl - add User datail
""2019-06-18 16:35:57 [http-nio-8090-exec-8] INFO  c.e.s.impl.UserManagementServiceImpl - add User datail
""2019-06-18 16:36:19 [http-nio-8090-exec-10] INFO  c.e.s.impl.UserManagementServiceImpl - add User datail
""2019-06-18 16:36:19 [http-nio-8090-exec-7] INFO  c.e.s.impl.UserManagementServiceImpl - add User datail
""2019-06-18 16:36:51 [http-nio-8090-exec-9] INFO  c.e.s.impl.UserManagementServiceImpl - add User datail
""2019-06-18 16:36:51 [http-nio-8090-exec-3] INFO  c.e.s.impl.UserManagementServiceImpl - add User datail
""2019-06-18 16:37:21 [http-nio-8090-exec-1] INFO  c.e.s.impl.UserManagementServiceImpl - add User datail
""2019-06-18 16:37:21 [http-nio-8090-exec-2] INFO  c.e.s.impl.UserManagementServiceImpl - add User datail
""2019-06-18 16:37:31 [AsyncResolver-bootstrap-executor-0] INFO  c.n.d.s.r.aws.ConfigClusterResolver - Resolving eureka endpoints via configuration
""2019-06-18 16:37:42 [http-nio-8090-exec-6] INFO  c.e.s.impl.UserManagementServiceImpl - add User datail
""2019-06-18 16:37:42 [http-nio-8090-exec-5] INFO  c.e.s.impl.UserManagementServiceImpl - add User datail
""2019-06-18 16:38:31 [http-nio-8090-exec-4] INFO  c.e.s.impl.UserManagementServiceImpl - add User datail
""2019-06-18 16:38:31 [http-nio-8090-exec-8] INFO  c.e.s.impl.UserManagementServiceImpl - add User datail
""2019-06-18 16:39:01 [http-nio-8090-exec-10] INFO  c.e.s.impl.UserManagementServiceImpl - add User datail
""2019-06-18 16:39:01 [http-nio-8090-exec-7] INFO  c.e.s.impl.UserManagementServiceImpl - add User datail
""2019-06-18 16:39:08 [http-nio-8090-exec-6] INFO  c.e.s.impl.UserManagementServiceImpl - add User datail
""2019-06-18 16:39:08 [http-nio-8090-exec-3] INFO  c.e.s.impl.UserManagementServiceImpl - add User datail
""2019-06-18 16:39:10 [http-nio-8090-exec-1] INFO  c.e.s.impl.UserManagementServiceImpl - add User datail
""2019-06-18 16:39:10 [http-nio-8090-exec-10] INFO  c.e.s.impl.UserManagementServiceImpl - add User datail
""2019-06-18 16:39:10 [http-nio-8090-exec-7] INFO  c.e.s.impl.UserManagementServiceImpl - add User datail
""2019-06-18 16:39:10 [http-nio-8090-exec-9] INFO  c.e.s.impl.UserManagementServiceImpl - add User datail
""2019-06-18 16:39:21 [http-nio-8090-exec-6] INFO  c.e.s.impl.UserManagementServiceImpl - add User datail
""2019-06-18 16:39:33 [http-nio-8090-exec-3] INFO  c.e.s.impl.UserManagementServiceImpl - add User datail
""2019-06-18 16:39:43 [http-nio-8090-exec-8] INFO  c.e.s.impl.UserManagementServiceImpl - add User datail
""2019-06-18 16:39:43 [http-nio-8090-exec-2] INFO  c.e.s.impl.UserManagementServiceImpl - add User datail
""2019-06-18 16:39:43 [http-nio-8090-exec-10] INFO  c.e.s.impl.UserManagementServiceImpl - add User datail
""2019-06-18 16:39:56 [http-nio-8090-exec-3] INFO  c.e.s.impl.UserManagementServiceImpl - add User datail
""2019-06-18 16:40:00 [http-nio-8090-exec-1] INFO  c.e.s.impl.UserManagementServiceImpl - add User datail
""2019-06-18 16:40:01 [http-nio-8090-exec-7] INFO  c.e.service.impl.PaymentServiceImpl - AddCartDetails [cartId=0, quantity=1, price=761.0, userId=2, status=1, productId=12]
""2019-06-18 16:40:02 [http-nio-8090-exec-5] INFO  c.e.s.impl.UserManagementServiceImpl - add User datail
""2019-06-18 16:40:04 [http-nio-8090-exec-4] INFO  c.e.s.impl.UserManagementServiceImpl - add User datail
""2019-06-18 16:40:04 [http-nio-8090-exec-2] INFO  c.e.s.impl.UserManagementServiceImpl - add User datail
""2019-06-18 16:40:04 [http-nio-8090-exec-1] INFO  c.e.s.impl.UserManagementServiceImpl - add User datail
""2019-06-18 16:40:21 [http-nio-8090-exec-8] INFO  c.e.s.impl.UserManagementServiceImpl - add User datail
""2019-06-18 16:40:22 [http-nio-8090-exec-7] INFO  c.e.s.impl.UserManagementServiceImpl - add User datail
""2019-06-18 16:40:41 [http-nio-8090-exec-10] INFO  c.e.s.impl.UserManagementServiceImpl - add User datail
""2019-06-18 16:40:41 [http-nio-8090-exec-6] INFO  c.e.s.impl.UserManagementServiceImpl - add User datail
""2019-06-18 16:40:46 [http-nio-8090-exec-2] INFO  c.e.s.impl.UserManagementServiceImpl - add User datail
""2019-06-18 16:40:47 [http-nio-8090-exec-8] INFO  c.e.s.impl.UserManagementServiceImpl - add User datail
""2019-06-18 16:40:50 [http-nio-8090-exec-7] INFO  c.e.s.impl.UserManagementServiceImpl - add User datail
""2019-06-18 16:40:59 [http-nio-8090-exec-5] INFO  c.e.s.impl.UserManagementServiceImpl - add User datail
""2019-06-18 16:40:59 [http-nio-8090-exec-10] INFO  c.e.s.impl.UserManagementServiceImpl - add User datail
""2019-06-18 16:40:59 [http-nio-8090-exec-4] INFO  c.e.s.impl.UserManagementServiceImpl - add User datail
""2019-06-18 16:41:00 [http-nio-8090-exec-1] INFO  c.e.s.impl.UserManagementServiceImpl - add User datail
""2019-06-18 16:41:00 [http-nio-8090-exec-8] INFO  c.e.s.impl.UserManagementServiceImpl - add User datail
""2019-06-18 16:41:00 [http-nio-8090-exec-9] INFO  c.e.s.impl.UserManagementServiceImpl - add User datail
""2019-06-18 16:41:26 [http-nio-8090-exec-7] INFO  c.e.s.impl.UserManagementServiceImpl - add User datail
""2019-06-18 16:41:26 [http-nio-8090-exec-5] INFO  c.e.s.impl.UserManagementServiceImpl - add User datail
""2019-06-18 16:41:29 [http-nio-8090-exec-6] INFO  c.e.s.impl.UserManagementServiceImpl - add User datail
""2019-06-18 16:41:35 [http-nio-8090-exec-4] INFO  c.e.s.impl.UserManagementServiceImpl - add User datail
""2019-06-18 16:41:35 [http-nio-8090-exec-1] INFO  c.e.s.impl.UserManagementServiceImpl - add User datail
""2019-06-18 16:41:35 [http-nio-8090-exec-9] INFO  c.e.s.impl.UserManagementServiceImpl - add User datail
""2019-06-18 16:41:37 [http-nio-8090-exec-3] INFO  c.e.s.impl.UserManagementServiceImpl - add User datail
""2019-06-18 16:41:37 [http-nio-8090-exec-5] INFO  c.e.s.impl.UserManagementServiceImpl - add User datail
""2019-06-18 16:41:37 [http-nio-8090-exec-10] INFO  c.e.s.impl.UserManagementServiceImpl - add User datail
""2019-06-18 16:42:31 [AsyncResolver-bootstrap-executor-0] INFO  c.n.d.s.r.aws.ConfigClusterResolver - Resolving eureka endpoints via configuration
""2019-06-18 16:47:31 [AsyncResolver-bootstrap-executor-0] INFO  c.n.d.s.r.aws.ConfigClusterResolver - Resolving eureka endpoints via configuration
""2019-06-18 16:52:31 [AsyncResolver-bootstrap-executor-0] INFO  c.n.d.s.r.aws.ConfigClusterResolver - Resolving eureka endpoints via configuration
""2019-06-18 16:52:50 [http-nio-8090-exec-8] INFO  c.e.s.impl.UserManagementServiceImpl - add User datail
""2019-06-18 16:52:51 [http-nio-8090-exec-7] INFO  c.e.s.impl.UserManagementServiceImpl - add User datail
""2019-06-18 16:52:52 [http-nio-8090-exec-5] INFO  c.e.s.impl.UserManagementServiceImpl - add User datail
""2019-06-18 16:52:54 [http-nio-8090-exec-10] INFO  c.e.s.impl.UserManagementServiceImpl - add User datail
""2019-06-18 16:52:54 [http-nio-8090-exec-4] INFO  c.e.s.impl.UserManagementServiceImpl - add User datail
""2019-06-18 16:52:54 [http-nio-8090-exec-1] INFO  c.e.s.impl.UserManagementServiceImpl - add User datail
""2019-06-18 16:52:55 [http-nio-8090-exec-9] INFO  c.e.s.impl.UserManagementServiceImpl - add User datail
""2019-06-18 16:52:55 [http-nio-8090-exec-7] INFO  c.e.s.impl.UserManagementServiceImpl - add User datail
""2019-06-18 16:52:55 [http-nio-8090-exec-3] INFO  c.e.s.impl.UserManagementServiceImpl - add User datail
""2019-06-18 16:53:10 [http-nio-8090-exec-5] INFO  c.e.s.impl.UserManagementServiceImpl - add User datail
""2019-06-18 16:53:10 [http-nio-8090-exec-6] INFO  c.e.s.impl.UserManagementServiceImpl - add User datail
""2019-06-18 16:53:18 [http-nio-8090-exec-10] INFO  c.e.s.impl.UserManagementServiceImpl - add User datail
""2019-06-18 16:53:21 [http-nio-8090-exec-4] INFO  c.e.s.impl.UserManagementServiceImpl - add User datail
""2019-06-18 16:53:22 [http-nio-8090-exec-8] INFO  c.e.s.impl.UserManagementServiceImpl - add User datail
""2019-06-18 16:53:22 [http-nio-8090-exec-9] INFO  c.e.s.impl.UserManagementServiceImpl - add User datail
""2019-06-18 16:53:22 [http-nio-8090-exec-7] INFO  c.e.s.impl.UserManagementServiceImpl - add User datail
""2019-06-18 16:53:24 [http-nio-8090-exec-3] INFO  c.e.s.impl.UserManagementServiceImpl - add User datail
""2019-06-18 16:53:26 [http-nio-8090-exec-5] INFO  c.e.s.impl.UserManagementServiceImpl - add User datail
""2019-06-18 16:53:28 [http-nio-8090-exec-6] INFO  c.e.s.impl.UserManagementServiceImpl - add User datail
""2019-06-18 16:53:29 [http-nio-8090-exec-2] INFO  c.e.s.impl.UserManagementServiceImpl - add User datail
""2019-06-18 16:53:31 [http-nio-8090-exec-4] INFO  c.e.s.impl.UserManagementServiceImpl - add User datail
""2019-06-18 16:53:32 [http-nio-8090-exec-1] INFO  c.e.s.impl.UserManagementServiceImpl - add User datail
""2019-06-18 16:53:32 [http-nio-8090-exec-7] INFO  c.e.s.impl.UserManagementServiceImpl - add User datail
""2019-06-18 16:53:32 [http-nio-8090-exec-3] INFO  c.e.s.impl.UserManagementServiceImpl - add User datail
""2019-06-18 16:53:32 [http-nio-8090-exec-6] INFO  c.e.s.impl.UserManagementServiceImpl - add User datail
""2019-06-18 16:53:32 [http-nio-8090-exec-10] INFO  c.e.s.impl.UserManagementServiceImpl - add User datail
""2019-06-18 16:53:33 [http-nio-8090-exec-2] INFO  c.e.s.impl.UserManagementServiceImpl - add User datail
""2019-06-18 16:55:42 [http-nio-8090-exec-1] INFO  c.e.s.impl.UserManagementServiceImpl - add User datail
""2019-06-18 16:55:43 [http-nio-8090-exec-7] INFO  c.e.s.impl.UserManagementServiceImpl - add User datail
""2019-06-18 16:55:44 [http-nio-8090-exec-3] INFO  c.e.s.impl.UserManagementServiceImpl - add User datail
""2019-06-18 16:55:45 [http-nio-8090-exec-5] INFO  c.e.s.impl.UserManagementServiceImpl - add User datail
""2019-06-18 16:55:45 [http-nio-8090-exec-10] INFO  c.e.s.impl.UserManagementServiceImpl - add User datail
""2019-06-18 16:55:45 [http-nio-8090-exec-4] INFO  c.e.s.impl.UserManagementServiceImpl - add User datail
""2019-06-18 16:55:47 [http-nio-8090-exec-1] INFO  c.e.s.impl.UserManagementServiceImpl - add User datail
""2019-06-18 16:55:59 [http-nio-8090-exec-9] INFO  c.e.s.impl.UserManagementServiceImpl - add User datail
""2019-06-18 16:56:02 [http-nio-8090-exec-3] INFO  c.e.s.impl.UserManagementServiceImpl - add User datail
""2019-06-18 16:56:02 [http-nio-8090-exec-5] INFO  c.e.s.impl.UserManagementServiceImpl - add User datail
""2019-06-18 16:56:02 [http-nio-8090-exec-2] INFO  c.e.s.impl.UserManagementServiceImpl - add User datail
""2019-06-18 16:56:02 [http-nio-8090-exec-10] INFO  c.e.s.impl.UserManagementServiceImpl - add User datail
""2019-06-18 16:56:05 [http-nio-8090-exec-4] INFO  c.e.s.impl.UserManagementServiceImpl - add User datail
""2019-06-18 16:56:06 [http-nio-8090-exec-1] INFO  c.e.s.impl.UserManagementServiceImpl - add User datail
""2019-06-18 16:56:07 [http-nio-8090-exec-9] INFO  c.e.s.impl.UserManagementServiceImpl - add User datail
""2019-06-18 16:56:08 [http-nio-8090-exec-7] INFO  c.e.s.impl.UserManagementServiceImpl - add User datail
""2019-06-18 16:56:08 [http-nio-8090-exec-5] INFO  c.e.s.impl.UserManagementServiceImpl - add User datail
""2019-06-18 16:56:08 [http-nio-8090-exec-2] INFO  c.e.s.impl.UserManagementServiceImpl - add User datail
""2019-06-18 16:56:08 [http-nio-8090-exec-4] INFO  c.e.s.impl.UserManagementServiceImpl - add User datail
""2019-06-18 16:56:08 [http-nio-8090-exec-8] INFO  c.e.s.impl.UserManagementServiceImpl - add User datail
""2019-06-18 16:56:08 [http-nio-8090-exec-1] INFO  c.e.s.impl.UserManagementServiceImpl - add User datail
""2019-06-18 16:56:12 [http-nio-8090-exec-9] INFO  c.e.s.impl.UserManagementServiceImpl - add User datail
""2019-06-18 16:56:13 [http-nio-8090-exec-6] INFO  c.e.s.impl.UserManagementServiceImpl - add User datail
""2019-06-18 16:56:14 [http-nio-8090-exec-7] INFO  c.e.s.impl.UserManagementServiceImpl - add User datail
""2019-06-18 16:56:14 [http-nio-8090-exec-5] INFO  c.e.s.impl.UserManagementServiceImpl - add User datail
""2019-06-18 16:56:15 [http-nio-8090-exec-4] INFO  c.e.s.impl.UserManagementServiceImpl - add User datail
""2019-06-18 16:56:15 [http-nio-8090-exec-8] INFO  c.e.s.impl.UserManagementServiceImpl - add User datail
""2019-06-18 16:56:16 [http-nio-8090-exec-9] INFO  c.e.s.impl.UserManagementServiceImpl - add User datail
""2019-06-18 16:56:16 [http-nio-8090-exec-3] INFO  c.e.s.impl.UserManagementServiceImpl - add User datail
""2019-06-18 16:56:16 [http-nio-8090-exec-6] INFO  c.e.s.impl.UserManagementServiceImpl - add User datail
""2019-06-18 16:56:19 [http-nio-8090-exec-7] INFO  c.e.s.impl.UserManagementServiceImpl - add User datail
""2019-06-18 16:56:19 [http-nio-8090-exec-10] INFO  c.e.s.impl.UserManagementServiceImpl - add User datail
""2019-06-18 16:56:19 [http-nio-8090-exec-5] INFO  c.e.s.impl.UserManagementServiceImpl - add User datail
""2019-06-18 16:56:32 [http-nio-8090-exec-9] INFO  c.e.s.impl.UserManagementServiceImpl - add User datail
""2019-06-18 16:56:42 [http-nio-8090-exec-7] INFO  c.e.s.impl.UserManagementServiceImpl - add User datail
""2019-06-18 16:57:13 [http-nio-8090-exec-5] INFO  c.e.s.impl.UserManagementServiceImpl - add User datail
""2019-06-18 16:57:14 [http-nio-8090-exec-8] INFO  c.e.s.impl.UserManagementServiceImpl - add User datail
""2019-06-18 16:57:15 [http-nio-8090-exec-9] INFO  c.e.s.impl.UserManagementServiceImpl - add User datail
""2019-06-18 16:57:15 [http-nio-8090-exec-3] INFO  c.e.s.impl.UserManagementServiceImpl - add User datail
""2019-06-18 16:57:15 [http-nio-8090-exec-2] INFO  c.e.s.impl.UserManagementServiceImpl - add User datail
""2019-06-18 16:57:21 [http-nio-8090-exec-6] INFO  c.e.s.impl.UserManagementServiceImpl - add User datail
""2019-06-18 16:57:31 [AsyncResolver-bootstrap-executor-0] INFO  c.n.d.s.r.aws.ConfigClusterResolver - Resolving eureka endpoints via configuration
""2019-06-18 16:57:39 [http-nio-8090-exec-10] INFO  c.e.s.impl.UserManagementServiceImpl - add User datail
""2019-06-18 16:57:43 [http-nio-8090-exec-4] INFO  c.e.s.impl.UserManagementServiceImpl - add User datail
""2019-06-18 16:57:43 [http-nio-8090-exec-8] INFO  c.e.s.impl.UserManagementServiceImpl - add User datail
""2019-06-18 16:57:43 [http-nio-8090-exec-9] INFO  c.e.s.impl.UserManagementServiceImpl - add User datail
""2019-06-18 16:57:51 [http-nio-8090-exec-1] INFO  c.e.s.impl.UserManagementServiceImpl - add User datail
""2019-06-18 16:59:20 [http-nio-8090-exec-4] INFO  c.e.s.impl.UserManagementServiceImpl - add User datail
""2019-06-18 16:59:27 [http-nio-8090-exec-3] INFO  c.e.s.impl.UserManagementServiceImpl - add User datail
""2019-06-18 16:59:49 [http-nio-8090-exec-7] INFO  c.e.s.impl.UserManagementServiceImpl - add User datail
""2019-06-18 16:59:51 [http-nio-8090-exec-4] INFO  c.e.s.impl.UserManagementServiceImpl - add User datail
""2019-06-18 16:59:53 [http-nio-8090-exec-3] INFO  c.e.service.impl.PaymentServiceImpl - AddCartDetails [cartId=0, quantity=1, price=760.0, userId=2, status=1, productId=10]
""2019-06-18 16:59:53 [http-nio-8090-exec-6] INFO  c.e.s.impl.UserManagementServiceImpl - add User datail
""2019-06-18 16:59:54 [http-nio-8090-exec-10] INFO  c.e.s.impl.UserManagementServiceImpl - add User datail
""2019-06-18 16:59:54 [http-nio-8090-exec-1] INFO  c.e.s.impl.UserManagementServiceImpl - add User datail
""2019-06-18 16:59:54 [http-nio-8090-exec-4] INFO  c.e.s.impl.UserManagementServiceImpl - add User datail
""2019-06-18 16:59:56 [http-nio-8090-exec-5] INFO  c.e.s.impl.UserManagementServiceImpl - add User datail
""2019-06-18 16:59:56 [http-nio-8090-exec-3] INFO  c.e.s.impl.UserManagementServiceImpl - add User datail
""2019-06-18 16:59:58 [http-nio-8090-exec-9] INFO  c.e.s.impl.UserManagementServiceImpl - add User datail
""2019-06-18 16:59:58 [http-nio-8090-exec-6] INFO  c.e.s.impl.UserManagementServiceImpl - add User datail
""2019-06-18 16:59:58 [http-nio-8090-exec-10] INFO  c.e.s.impl.UserManagementServiceImpl - add User datail
""2019-06-18 17:00:14 [http-nio-8090-exec-8] INFO  c.e.s.impl.UserManagementServiceImpl - add User datail
""2019-06-18 17:00:30 [http-nio-8090-exec-6] INFO  c.e.s.impl.UserManagementServiceImpl - add User datail
""2019-06-18 17:00:33 [http-nio-8090-exec-1] INFO  c.e.s.impl.UserManagementServiceImpl - add User datail
""2019-06-18 17:02:31 [AsyncResolver-bootstrap-executor-0] INFO  c.n.d.s.r.aws.ConfigClusterResolver - Resolving eureka endpoints via configuration
""2019-06-18 17:07:31 [AsyncResolver-bootstrap-executor-0] INFO  c.n.d.s.r.aws.ConfigClusterResolver - Resolving eureka endpoints via configuration
""2019-06-18 17:12:31 [AsyncResolver-bootstrap-executor-0] INFO  c.n.d.s.r.aws.ConfigClusterResolver - Resolving eureka endpoints via configuration
""2019-06-18 17:17:31 [AsyncResolver-bootstrap-executor-0] INFO  c.n.d.s.r.aws.ConfigClusterResolver - Resolving eureka endpoints via configuration
""2019-06-18 17:22:31 [AsyncResolver-bootstrap-executor-0] INFO  c.n.d.s.r.aws.ConfigClusterResolver - Resolving eureka endpoints via configuration
""2019-06-18 17:27:31 [AsyncResolver-bootstrap-executor-0] INFO  c.n.d.s.r.aws.ConfigClusterResolver - Resolving eureka endpoints via configuration
""2019-06-18 17:32:31 [AsyncResolver-bootstrap-executor-0] INFO  c.n.d.s.r.aws.ConfigClusterResolver - Resolving eureka endpoints via configuration
""2019-06-18 17:37:31 [AsyncResolver-bootstrap-executor-0] INFO  c.n.d.s.r.aws.ConfigClusterResolver - Resolving eureka endpoints via configuration
""2019-06-18 17:42:31 [AsyncResolver-bootstrap-executor-0] INFO  c.n.d.s.r.aws.ConfigClusterResolver - Resolving eureka endpoints via configuration
""2019-06-18 17:47:31 [AsyncResolver-bootstrap-executor-0] INFO  c.n.d.s.r.aws.ConfigClusterResolver - Resolving eureka endpoints via configuration
""2019-06-18 17:52:31 [AsyncResolver-bootstrap-executor-0] INFO  c.n.d.s.r.aws.ConfigClusterResolver - Resolving eureka endpoints via configuration
""2019-06-18 17:57:31 [AsyncResolver-bootstrap-executor-0] INFO  c.n.d.s.r.aws.ConfigClusterResolver - Resolving eureka endpoints via configuration
""2019-06-18 18:02:31 [AsyncResolver-bootstrap-executor-0] INFO  c.n.d.s.r.aws.ConfigClusterResolver - Resolving eureka endpoints via configuration
""2019-06-18 18:07:31 [AsyncResolver-bootstrap-executor-0] INFO  c.n.d.s.r.aws.ConfigClusterResolver - Resolving eureka endpoints via configuration
""2019-06-18 18:12:31 [AsyncResolver-bootstrap-executor-0] INFO  c.n.d.s.r.aws.ConfigClusterResolver - Resolving eureka endpoints via configuration
""2019-06-18 18:17:31 [AsyncResolver-bootstrap-executor-0] INFO  c.n.d.s.r.aws.ConfigClusterResolver - Resolving eureka endpoints via configuration
""2019-06-18 18:22:31 [AsyncResolver-bootstrap-executor-0] INFO  c.n.d.s.r.aws.ConfigClusterResolver - Resolving eureka endpoints via configuration
""2019-06-18 18:27:31 [AsyncResolver-bootstrap-executor-0] INFO  c.n.d.s.r.aws.ConfigClusterResolver - Resolving eureka endpoints via configuration
""2019-06-18 18:32:31 [AsyncResolver-bootstrap-executor-0] INFO  c.n.d.s.r.aws.ConfigClusterResolver - Resolving eureka endpoints via configuration
""2019-06-18 18:37:31 [AsyncResolver-bootstrap-executor-0] INFO  c.n.d.s.r.aws.ConfigClusterResolver - Resolving eureka endpoints via configuration
""2019-06-18 18:42:31 [AsyncResolver-bootstrap-executor-0] INFO  c.n.d.s.r.aws.ConfigClusterResolver - Resolving eureka endpoints via configuration
""2019-06-18 18:47:31 [AsyncResolver-bootstrap-executor-0] INFO  c.n.d.s.r.aws.ConfigClusterResolver - Resolving eureka endpoints via configuration
""2019-06-18 18:52:31 [AsyncResolver-bootstrap-executor-0] INFO  c.n.d.s.r.aws.ConfigClusterResolver - Resolving eureka endpoints via configuration
""2019-06-18 18:57:31 [AsyncResolver-bootstrap-executor-0] INFO  c.n.d.s.r.aws.ConfigClusterResolver - Resolving eureka endpoints via configuration
""2019-06-18 19:02:31 [AsyncResolver-bootstrap-executor-0] INFO  c.n.d.s.r.aws.ConfigClusterResolver - Resolving eureka endpoints via configuration
""2019-06-18 19:07:31 [AsyncResolver-bootstrap-executor-0] INFO  c.n.d.s.r.aws.ConfigClusterResolver - Resolving eureka endpoints via configuration
""2019-06-18 19:12:31 [AsyncResolver-bootstrap-executor-0] INFO  c.n.d.s.r.aws.ConfigClusterResolver - Resolving eureka endpoints via configuration
""2019-06-18 19:17:31 [AsyncResolver-bootstrap-executor-0] INFO  c.n.d.s.r.aws.ConfigClusterResolver - Resolving eureka endpoints via configuration
""2019-06-18 19:22:31 [AsyncResolver-bootstrap-executor-0] INFO  c.n.d.s.r.aws.ConfigClusterResolver - Resolving eureka endpoints via configuration
""2019-06-18 19:27:31 [AsyncResolver-bootstrap-executor-0] INFO  c.n.d.s.r.aws.ConfigClusterResolver - Resolving eureka endpoints via configuration
""2019-06-18 19:32:31 [AsyncResolver-bootstrap-executor-0] INFO  c.n.d.s.r.aws.ConfigClusterResolver - Resolving eureka endpoints via configuration
""2019-06-18 19:37:31 [AsyncResolver-bootstrap-executor-0] INFO  c.n.d.s.r.aws.ConfigClusterResolver - Resolving eureka endpoints via configuration
""2019-06-18 19:42:31 [AsyncResolver-bootstrap-executor-0] INFO  c.n.d.s.r.aws.ConfigClusterResolver - Resolving eureka endpoints via configuration
""2019-06-18 19:47:31 [AsyncResolver-bootstrap-executor-0] INFO  c.n.d.s.r.aws.ConfigClusterResolver - Resolving eureka endpoints via configuration
""2019-06-18 19:52:31 [AsyncResolver-bootstrap-executor-0] INFO  c.n.d.s.r.aws.ConfigClusterResolver - Resolving eureka endpoints via configuration
""2019-06-18 19:57:31 [AsyncResolver-bootstrap-executor-0] INFO  c.n.d.s.r.aws.ConfigClusterResolver - Resolving eureka endpoints via configuration
""2019-06-18 20:02:31 [AsyncResolver-bootstrap-executor-0] INFO  c.n.d.s.r.aws.ConfigClusterResolver - Resolving eureka endpoints via configuration
""2019-06-18 20:07:31 [AsyncResolver-bootstrap-executor-0] INFO  c.n.d.s.r.aws.ConfigClusterResolver - Resolving eureka endpoints via configuration
"